app/build/outputs/logs/manifest-merger-debug-report.txt
-- Merging decision tree log ---
manifest
ADDED from src\main\AndroidManifest.xml:2:1-44:12
INJECTED from src\main\AndroidManifest.xml:2:1-44:12
INJECTED from src\main\AndroidManifest.xml:2:1-44:12
INJECTED from src\main\AndroidManifest.xml:2:1-44:12
MERGED from [com.android.support:appcompat-v7:28.0.0-beta01] AndroidManifest.xml:17:1-22:12
MERGED from [com.android.support.constraint:constraint-layout:1.1.2] AndroidManifest.xml:2:1-11:12
MERGED from [com.android.support:support-fragment:28.0.0-beta01] AndroidManifest.xml:17:1-22:12
MERGED from [com.android.support:animated-vector-drawable:28.0.0-beta01] AndroidManifest.xml:17:1-22:12
MERGED from [com.android.support:support-core-ui:28.0.0-beta01] AndroidManifest.xml:17:1-22:12
MERGED from [com.android.support:support-core-utils:28.0.0-beta01] AndroidManifest.xml:17:1-22:12
MERGED from [com.android.support:support-vector-drawable:28.0.0-beta01] AndroidManifest.xml:17:1-22:12
MERGED from [com.android.support:loader:28.0.0-beta01] AndroidManifest.xml:17:1-22:12
MERGED from [com.android.support:viewpager:28.0.0-beta01] AndroidManifest.xml:17:1-22:12
MERGED from [com.android.support:coordinatorlayout:28.0.0-beta01] AndroidManifest.xml:17:1-22:12
MERGED from [com.android.support:drawerlayout:28.0.0-beta01] AndroidManifest.xml:17:1-22:12
MERGED from [com.android.support:slidingpanelayout:28.0.0-beta01] AndroidManifest.xml:17:1-22:12
MERGED from [com.android.support:customview:28.0.0-beta01] AndroidManifest.xml:17:1-22:12
MERGED from [com.android.support:swiperefreshlayout:28.0.0-beta01] AndroidManifest.xml:17:1-22:12
MERGED from [com.android.support:asynclayoutinflater:28.0.0-beta01] AndroidManifest.xml:17:1-22:12
MERGED from [com.android.support:support-compat:28.0.0-beta01] AndroidManifest.xml:17:1-24:12
MERGED from [com.android.support:cursoradapter:28.0.0-beta01] AndroidManifest.xml:17:1-22:12
MERGED from [android.arch.lifecycle:runtime:1.1.1] AndroidManifest.xml:17:1-22:12
MERGED from [com.android.support:versionedparcelable:28.0.0-beta01] AndroidManifest.xml:17:1-25:12
MERGED from [com.android.support:documentfile:28.0.0-beta01] AndroidManifest.xml:17:1-22:12
MERGED from [com.android.support:localbroadcastmanager:28.0.0-beta01] AndroidManifest.xml:17:1-22:12
MERGED from [com.android.support:print:28.0.0-beta01] AndroidManifest.xml:17:1-22:12
MERGED from [android.arch.lifecycle:viewmodel:1.1.1] AndroidManifest.xml:17:1-22:12
MERGED from [android.arch.lifecycle:livedata-core:1.1.1] AndroidManifest.xml:17:1-22:12
MERGED from [android.arch.core:runtime:1.1.1] AndroidManifest.xml:17:1-22:12
MERGED from [com.android.support:interpolator:28.0.0-beta01] AndroidManifest.xml:17:1-22:12
INJECTED from src\main\AndroidManifest.xml:2:1-44:12
INJECTED from src\main\AndroidManifest.xml:2:1-44:12
INJECTED from src\main\AndroidManifest.xml:2:1-44:12
	package
		ADDED from src\main\AndroidManifest.xml:3:5-42
		INJECTED from src\main\AndroidManifest.xml
		INJECTED from src\main\AndroidManifest.xml
	android:versionName
		INJECTED from src\main\AndroidManifest.xml
		ADDED from src\main\AndroidManifest.xml:2:1-44:12
		INJECTED from src\main\AndroidManifest.xml
	android:versionCode
		INJECTED from src\main\AndroidManifest.xml
		ADDED from src\main\AndroidManifest.xml:2:1-44:12
		INJECTED from src\main\AndroidManifest.xml
	xmlns:android
		ADDED from src\main\AndroidManifest.xml:2:11-69
application
ADDED from src\main\AndroidManifest.xml:5:5-42:19
MERGED from [com.android.support.constraint:constraint-layout:1.1.2] AndroidManifest.xml:9:5-20
MERGED from [com.android.support.constraint:constraint-layout:1.1.2] AndroidManifest.xml:9:5-20
MERGED from [com.android.support:support-compat:28.0.0-beta01] AndroidManifest.xml:22:5-94
MERGED from [com.android.support:support-compat:28.0.0-beta01] AndroidManifest.xml:22:5-94
MERGED from [com.android.support:versionedparcelable:28.0.0-beta01] AndroidManifest.xml:22:5-23:19
MERGED from [com.android.support:versionedparcelable:28.0.0-beta01] AndroidManifest.xml:22:5-23:19
	android:appComponentFactory
		ADDED from [com.android.support:support-compat:28.0.0-beta01] AndroidManifest.xml:22:18-91
	android:supportsRtl
		ADDED from src\main\AndroidManifest.xml:10:9-35
	android:label
		ADDED from src\main\AndroidManifest.xml:8:9-41
	android:roundIcon
		ADDED from src\main\AndroidManifest.xml:9:9-54
	android:icon
		ADDED from src\main\AndroidManifest.xml:7:9-38
	android:allowBackup
		ADDED from src\main\AndroidManifest.xml:6:9-35
	android:theme
		ADDED from src\main\AndroidManifest.xml:11:9-65
activity#com.example.asus.madproject.Login
ADDED from src\main\AndroidManifest.xml:12:9-43
	android:name
		ADDED from src\main\AndroidManifest.xml:12:19-40
activity#com.example.asus.madproject.Registration
ADDED from src\main\AndroidManifest.xml:13:9-50
	android:name
		ADDED from src\main\AndroidManifest.xml:13:19-47
activity#com.example.asus.madproject.MainActivity
ADDED from src\main\AndroidManifest.xml:14:9-20:20
	android:name
		ADDED from src\main\AndroidManifest.xml:14:19-47
intent-filter#action:name:android.intent.action.MAIN+category:name:android.intent.category.LAUNCHER
ADDED from src\main\AndroidManifest.xml:15:13-19:29
action#android.intent.action.MAIN
ADDED from src\main\AndroidManifest.xml:16:17-69
	android:name
		ADDED from src\main\AndroidManifest.xml:16:25-66
category#android.intent.category.LAUNCHER
ADDED from src\main\AndroidManifest.xml:18:17-77
	android:name
		ADDED from src\main\AndroidManifest.xml:18:27-74
activity#com.example.asus.madproject.Add_New_Student
ADDED from src\main\AndroidManifest.xml:21:9-53
	android:name
		ADDED from src\main\AndroidManifest.xml:21:19-50
activity#com.example.asus.madproject.Student_Profile
ADDED from src\main\AndroidManifest.xml:22:9-53
	android:name
		ADDED from src\main\AndroidManifest.xml:22:19-50
activity#com.example.asus.madproject.Student_List
ADDED from src\main\AndroidManifest.xml:23:9-50
	android:name
		ADDED from src\main\AndroidManifest.xml:23:19-47
activity#com.example.asus.madproject.Add_New_Class
ADDED from src\main\AndroidManifest.xml:24:9-51
	android:name
		ADDED from src\main\AndroidManifest.xml:24:19-48
activity#com.example.asus.madproject.Class_Details
ADDED from src\main\AndroidManifest.xml:25:9-51
	android:name
		ADDED from src\main\AndroidManifest.xml:25:19-48
activity#com.example.asus.madproject.Class_List
ADDED from src\main\AndroidManifest.xml:26:9-48
	android:name
		ADDED from src\main\AndroidManifest.xml:26:19-45
activity#com.example.asus.madproject.Marks_Management
ADDED from src\main\AndroidManifest.xml:27:9-54
	android:name
		ADDED from src\main\AndroidManifest.xml:27:19-51
activity#com.example.asus.madproject.Marks_Details
ADDED from src\main\AndroidManifest.xml:28:9-51
	android:name
		ADDED from src\main\AndroidManifest.xml:28:19-48
activity#com.example.asus.madproject.Add_Exams
ADDED from src\main\AndroidManifest.xml:29:9-47
	android:name
		ADDED from src\main\AndroidManifest.xml:29:19-44
activity#com.example.asus.madproject.Exam_Details
ADDED from src\main\AndroidManifest.xml:30:9-50
	android:name
		ADDED from src\main\AndroidManifest.xml:30:19-47
activity#com.example.asus.madproject.Exam_List
ADDED from src\main\AndroidManifest.xml:31:9-47
	android:name
		ADDED from src\main\AndroidManifest.xml:31:19-44
activity#com.example.asus.madproject.dashboard
ADDED from src\main\AndroidManifest.xml:32:9-47
	android:name
		ADDED from src\main\AndroidManifest.xml:32:19-44
activity#com.example.asus.madproject.ClassMain
ADDED from src\main\AndroidManifest.xml:33:9-47
	android:name
		ADDED from src\main\AndroidManifest.xml:33:19-44
activity#com.example.asus.madproject.Student
ADDED from src\main\AndroidManifest.xml:34:9-45
	android:name
		ADDED from src\main\AndroidManifest.xml:34:19-42
activity#com.example.asus.madproject.Tutes
ADDED from src\main\AndroidManifest.xml:35:9-43
	android:name
		ADDED from src\main\AndroidManifest.xml:35:19-40
activity#com.example.asus.madproject.Results
ADDED from src\main\AndroidManifest.xml:36:9-45
	android:name
		ADDED from src\main\AndroidManifest.xml:36:19-42
activity#com.example.asus.madproject.Profile
ADDED from src\main\AndroidManifest.xml:37:9-45
	android:name
		ADDED from src\main\AndroidManifest.xml:37:19-42
activity#com.example.asus.madproject.ProfileMain
ADDED from src\main\AndroidManifest.xml:38:9-49
	android:name
		ADDED from src\main\AndroidManifest.xml:38:19-46
activity#com.example.asus.madproject.UpdateProfile
ADDED from src\main\AndroidManifest.xml:39:9-51
	android:name
		ADDED from src\main\AndroidManifest.xml:39:19-48
activity#com.example.asus.madproject.RemoveProfile
ADDED from src\main\AndroidManifest.xml:40:9-51
	android:name
		ADDED from src\main\AndroidManifest.xml:40:19-48
activity#com.example.asus.madproject.ForgotPassword
ADDED from src\main\AndroidManifest.xml:41:9-61
	android:name
		ADDED from src\main\AndroidManifest.xml:41:19-49
uses-sdk
INJECTED from src\main\AndroidManifest.xml reason: use-sdk injection requested
INJECTED from src\main\AndroidManifest.xml
INJECTED from src\main\AndroidManifest.xml
MERGED from [com.android.support:appcompat-v7:28.0.0-beta01] AndroidManifest.xml:20:5-44
MERGED from [com.android.support:appcompat-v7:28.0.0-beta01] AndroidManifest.xml:20:5-44
MERGED from [com.android.support.constraint:constraint-layout:1.1.2] AndroidManifest.xml:5:5-7:41
MERGED from [com.android.support.constraint:constraint-layout:1.1.2] AndroidManifest.xml:5:5-7:41
MERGED from [com.android.support:support-fragment:28.0.0-beta01] AndroidManifest.xml:20:5-44
MERGED from [com.android.support:support-fragment:28.0.0-beta01] AndroidManifest.xml:20:5-44
MERGED from [com.android.support:animated-vector-drawable:28.0.0-beta01] AndroidManifest.xml:20:5-44
MERGED from [com.android.support:animated-vector-drawable:28.0.0-beta01] AndroidManifest.xml:20:5-44
MERGED from [com.android.support:support-core-ui:28.0.0-beta01] AndroidManifest.xml:20:5-44
MERGED from [com.android.support:support-core-ui:28.0.0-beta01] AndroidManifest.xml:20:5-44
MERGED from [com.android.support:support-core-utils:28.0.0-beta01] AndroidManifest.xml:20:5-44
MERGED from [com.android.support:support-core-utils:28.0.0-beta01] AndroidManifest.xml:20:5-44
MERGED from [com.android.support:support-vector-drawable:28.0.0-beta01] AndroidManifest.xml:20:5-44
MERGED from [com.android.support:support-vector-drawable:28.0.0-beta01] AndroidManifest.xml:20:5-44
MERGED from [com.android.support:loader:28.0.0-beta01] AndroidManifest.xml:20:5-44
MERGED from [com.android.support:loader:28.0.0-beta01] AndroidManifest.xml:20:5-44
MERGED from [com.android.support:viewpager:28.0.0-beta01] AndroidManifest.xml:20:5-44
MERGED from [com.android.support:viewpager:28.0.0-beta01] AndroidManifest.xml:20:5-44
MERGED from [com.android.support:coordinatorlayout:28.0.0-beta01] AndroidManifest.xml:20:5-44
MERGED from [com.android.support:coordinatorlayout:28.0.0-beta01] AndroidManifest.xml:20:5-44
MERGED from [com.android.support:drawerlayout:28.0.0-beta01] AndroidManifest.xml:20:5-44
MERGED from [com.android.support:drawerlayout:28.0.0-beta01] AndroidManifest.xml:20:5-44
MERGED from [com.android.support:slidingpanelayout:28.0.0-beta01] AndroidManifest.xml:20:5-44
MERGED from [com.android.support:slidingpanelayout:28.0.0-beta01] AndroidManifest.xml:20:5-44
MERGED from [com.android.support:customview:28.0.0-beta01] AndroidManifest.xml:20:5-44
MERGED from [com.android.support:customview:28.0.0-beta01] AndroidManifest.xml:20:5-44
MERGED from [com.android.support:swiperefreshlayout:28.0.0-beta01] AndroidManifest.xml:20:5-44
MERGED from [com.android.support:swiperefreshlayout:28.0.0-beta01] AndroidManifest.xml:20:5-44
MERGED from [com.android.support:asynclayoutinflater:28.0.0-beta01] AndroidManifest.xml:20:5-44
MERGED from [com.android.support:asynclayoutinflater:28.0.0-beta01] AndroidManifest.xml:20:5-44
MERGED from [com.android.support:support-compat:28.0.0-beta01] AndroidManifest.xml:20:5-44
MERGED from [com.android.support:support-compat:28.0.0-beta01] AndroidManifest.xml:20:5-44
MERGED from [com.android.support:cursoradapter:28.0.0-beta01] AndroidManifest.xml:20:5-44
MERGED from [com.android.support:cursoradapter:28.0.0-beta01] AndroidManifest.xml:20:5-44
MERGED from [android.arch.lifecycle:runtime:1.1.1] AndroidManifest.xml:20:5-44
MERGED from [android.arch.lifecycle:runtime:1.1.1] AndroidManifest.xml:20:5-44
MERGED from [com.android.support:versionedparcelable:28.0.0-beta01] AndroidManifest.xml:20:5-44
MERGED from [com.android.support:versionedparcelable:28.0.0-beta01] AndroidManifest.xml:20:5-44
MERGED from [com.android.support:documentfile:28.0.0-beta01] AndroidManifest.xml:20:5-44
MERGED from [com.android.support:documentfile:28.0.0-beta01] AndroidManifest.xml:20:5-44
MERGED from [com.android.support:localbroadcastmanager:28.0.0-beta01] AndroidManifest.xml:20:5-44
MERGED from [com.android.support:localbroadcastmanager:28.0.0-beta01] AndroidManifest.xml:20:5-44
MERGED from [com.android.support:print:28.0.0-beta01] AndroidManifest.xml:20:5-44
MERGED from [com.android.support:print:28.0.0-beta01] AndroidManifest.xml:20:5-44
MERGED from [android.arch.lifecycle:viewmodel:1.1.1] AndroidManifest.xml:20:5-44
MERGED from [android.arch.lifecycle:viewmodel:1.1.1] AndroidManifest.xml:20:5-44
MERGED from [android.arch.lifecycle:livedata-core:1.1.1] AndroidManifest.xml:20:5-44
MERGED from [android.arch.lifecycle:livedata-core:1.1.1] AndroidManifest.xml:20:5-44
MERGED from [android.arch.core:runtime:1.1.1] AndroidManifest.xml:20:5-44
MERGED from [android.arch.core:runtime:1.1.1] AndroidManifest.xml:20:5-44
MERGED from [com.android.support:interpolator:28.0.0-beta01] AndroidManifest.xml:20:5-44
MERGED from [com.android.support:interpolator:28.0.0-beta01] AndroidManifest.xml:20:5-44
INJECTED from src\main\AndroidManifest.xml
INJECTED from src\main\AndroidManifest.xml
	android:targetSdkVersion
		INJECTED from src\main\AndroidManifest.xml
		ADDED from src\main\AndroidManifest.xml
		INJECTED from src\main\AndroidManifest.xml
	android:minSdkVersion
		INJECTED from src\main\AndroidManifest.xml
		ADDED from src\main\AndroidManifest.xml
		INJECTED from src\main\AndroidManifest.xml